<?xml version="1.0" encoding="UTF-8"?>
<!-- Generated by org.testng.reporters.JUnitReportReporter -->
<testsuite hostname="DESKTOP-CAEGAEQ" failures="0" tests="2" name="org.wtt.test.SeleniumDocker" time="29.349" errors="0" timestamp="26 Jul 2021 08:11:50 GMT" skipped="0">
  <testcase classname="org.wtt.test.SeleniumDocker" name="simpleTest" time="4.783"/>
  <testcase classname="org.wtt.test.SeleniumDocker" name="testCheckBox" time="24.566"/>
</testsuite> <!-- org.wtt.test.SeleniumDocker -->
